This is pdfTeX, Version 3.14159265-2.6-1.40.20 (TeX Live 2019/Debian) (preloaded format=pdflatex 2022.11.18)  30 JAN 2023 17:55
entering extended mode
 restricted \write18 enabled.
 %&-line parsing enabled.
**Wang_Song_Jmal_Grivet_Rapport.tex
(./Wang_Song_Jmal_Grivet_Rapport.tex
LaTeX2e <2020-02-02> patch level 2
L3 programming layer <2020-02-14> (/usr/share/texlive/texmf-dist/tex/latex/base
/article.cls
Document Class: article 2019/12/20 v1.4l Standard LaTeX document class
(/usr/share/texlive/texmf-dist/tex/latex/base/size10.clo
File: size10.clo 2019/12/20 v1.4l Standard LaTeX file (size option)
)
\c@part=\count167
\c@section=\count168
\c@subsection=\count169
\c@subsubsection=\count170
\c@paragraph=\count171
\c@subparagraph=\count172
\c@figure=\count173
\c@table=\count174
\abovecaptionskip=\skip47
\belowcaptionskip=\skip48
\bibindent=\dimen134
) (/usr/share/texlive/texmf-dist/tex/latex/amsmath/amsmath.sty
Package: amsmath 2020/01/20 v2.17e AMS math features
\@mathmargin=\skip49
For additional information on amsmath, use the `?' option.
(/usr/share/texlive/texmf-dist/tex/latex/amsmath/amstext.sty
Package: amstext 2000/06/29 v2.01 AMS text
(/usr/share/texlive/texmf-dist/tex/latex/amsmath/amsgen.sty
File: amsgen.sty 1999/11/30 v2.0 generic functions
\@emptytoks=\toks14
\ex@=\dimen135
)) (/usr/share/texlive/texmf-dist/tex/latex/amsmath/amsbsy.sty
Package: amsbsy 1999/11/29 v1.2d Bold Symbols
\pmbraise@=\dimen136
) (/usr/share/texlive/texmf-dist/tex/latex/amsmath/amsopn.sty
Package: amsopn 2016/03/08 v2.02 operator names
)
\inf@bad=\count175
LaTeX Info: Redefining \frac on input line 227.
\uproot@=\count176
\leftroot@=\count177
LaTeX Info: Redefining \overline on input line 389.
\classnum@=\count178
\DOTSCASE@=\count179
LaTeX Info: Redefining \ldots on input line 486.
LaTeX Info: Redefining \dots on input line 489.
LaTeX Info: Redefining \cdots on input line 610.
\Mathstrutbox@=\box45
\strutbox@=\box46
\big@size=\dimen137
LaTeX Font Info:    Redeclaring font encoding OML on input line 733.
LaTeX Font Info:    Redeclaring font encoding OMS on input line 734.
\macc@depth=\count180
\c@MaxMatrixCols=\count181
\dotsspace@=\muskip16
\c@parentequation=\count182
\dspbrk@lvl=\count183
\tag@help=\toks15
\row@=\count184
\column@=\count185
\maxfields@=\count186
\andhelp@=\toks16
\eqnshift@=\dimen138
\alignsep@=\dimen139
\tagshift@=\dimen140
\tagwidth@=\dimen141
\totwidth@=\dimen142
\lineht@=\dimen143
\@envbody=\toks17
\multlinegap=\skip50
\multlinetaggap=\skip51
\mathdisplay@stack=\toks18
LaTeX Info: Redefining \[ on input line 2859.
LaTeX Info: Redefining \] on input line 2860.
) (/usr/share/texlive/texmf-dist/tex/latex/amsfonts/amssymb.sty
Package: amssymb 2013/01/14 v3.01 AMS font symbols
(/usr/share/texlive/texmf-dist/tex/latex/amsfonts/amsfonts.sty
Package: amsfonts 2013/01/14 v3.01 Basic AMSFonts support
\symAMSa=\mathgroup4
\symAMSb=\mathgroup5
LaTeX Font Info:    Redeclaring math symbol \hbar on input line 98.
LaTeX Font Info:    Overwriting math alphabet `\mathfrak' in version `bold'
(Font)                  U/euf/m/n --> U/euf/b/n on input line 106.
)) (/usr/share/texmf/tex/latex/lm/lmodern.sty
Package: lmodern 2009/10/30 v1.6 Latin Modern Fonts
LaTeX Font Info:    Overwriting symbol font `operators' in version `normal'
(Font)                  OT1/cmr/m/n --> OT1/lmr/m/n on input line 22.
LaTeX Font Info:    Overwriting symbol font `letters' in version `normal'
(Font)                  OML/cmm/m/it --> OML/lmm/m/it on input line 23.
LaTeX Font Info:    Overwriting symbol font `symbols' in version `normal'
(Font)                  OMS/cmsy/m/n --> OMS/lmsy/m/n on input line 24.
LaTeX Font Info:    Overwriting symbol font `largesymbols' in version `normal'
(Font)                  OMX/cmex/m/n --> OMX/lmex/m/n on input line 25.
LaTeX Font Info:    Overwriting symbol font `operators' in version `bold'
(Font)                  OT1/cmr/bx/n --> OT1/lmr/bx/n on input line 26.
LaTeX Font Info:    Overwriting symbol font `letters' in version `bold'
(Font)                  OML/cmm/b/it --> OML/lmm/b/it on input line 27.
LaTeX Font Info:    Overwriting symbol font `symbols' in version `bold'
(Font)                  OMS/cmsy/b/n --> OMS/lmsy/b/n on input line 28.
LaTeX Font Info:    Overwriting symbol font `largesymbols' in version `bold'
(Font)                  OMX/cmex/m/n --> OMX/lmex/m/n on input line 29.
LaTeX Font Info:    Overwriting math alphabet `\mathbf' in version `normal'
(Font)                  OT1/cmr/bx/n --> OT1/lmr/bx/n on input line 31.
LaTeX Font Info:    Overwriting math alphabet `\mathsf' in version `normal'
(Font)                  OT1/cmss/m/n --> OT1/lmss/m/n on input line 32.
LaTeX Font Info:    Overwriting math alphabet `\mathit' in version `normal'
(Font)                  OT1/cmr/m/it --> OT1/lmr/m/it on input line 33.
LaTeX Font Info:    Overwriting math alphabet `\mathtt' in version `normal'
(Font)                  OT1/cmtt/m/n --> OT1/lmtt/m/n on input line 34.
LaTeX Font Info:    Overwriting math alphabet `\mathbf' in version `bold'
(Font)                  OT1/cmr/bx/n --> OT1/lmr/bx/n on input line 35.
LaTeX Font Info:    Overwriting math alphabet `\mathsf' in version `bold'
(Font)                  OT1/cmss/bx/n --> OT1/lmss/bx/n on input line 36.
LaTeX Font Info:    Overwriting math alphabet `\mathit' in version `bold'
(Font)                  OT1/cmr/bx/it --> OT1/lmr/bx/it on input line 37.
LaTeX Font Info:    Overwriting math alphabet `\mathtt' in version `bold'
(Font)                  OT1/cmtt/m/n --> OT1/lmtt/m/n on input line 38.
) (/usr/share/texlive/texmf-dist/tex/generic/iftex/iftex.sty
Package: iftex 2019/11/07 v1.0c TeX engine tests
) (/usr/share/texlive/texmf-dist/tex/latex/base/fontenc.sty
Package: fontenc 2020/02/11 v2.0o Standard LaTeX package
LaTeX Font Info:    Trying to load font information for T1+lmr on input line 11
2.
(/usr/share/texmf/tex/latex/lm/t1lmr.fd
File: t1lmr.fd 2009/10/30 v1.6 Font defs for Latin Modern
)) (/usr/share/texlive/texmf-dist/tex/latex/base/inputenc.sty
Package: inputenc 2018/08/11 v1.3c Input encoding file
\inpenc@prehook=\toks19
\inpenc@posthook=\toks20
) (/usr/share/texlive/texmf-dist/tex/latex/base/textcomp.sty
Package: textcomp 2020/02/02 v2.0n Standard LaTeX package
) (/usr/share/texlive/texmf-dist/tex/latex/upquote/upquote.sty
Package: upquote 2012/04/19 v1.3 upright-quote and grave-accent glyphs in verba
tim
) (/usr/share/texlive/texmf-dist/tex/latex/microtype/microtype.sty
Package: microtype 2019/11/18 v2.7d Micro-typographical refinements (RS)
(/usr/share/texlive/texmf-dist/tex/latex/graphics/keyval.sty
Package: keyval 2014/10/28 v1.15 key=value parser (DPC)
\KV@toks@=\toks21
)
\MT@toks=\toks22
\MT@count=\count187
LaTeX Info: Redefining \textls on input line 790.
\MT@outer@kern=\dimen144
LaTeX Info: Redefining \textmicrotypecontext on input line 1354.
\MT@listname@count=\count188
(/usr/share/texlive/texmf-dist/tex/latex/microtype/microtype-pdftex.def
File: microtype-pdftex.def 2019/11/18 v2.7d Definitions specific to pdftex (RS)

LaTeX Info: Redefining \lsstyle on input line 914.
LaTeX Info: Redefining \lslig on input line 914.
\MT@outer@space=\skip52
)
Package microtype Info: Loading configuration file microtype.cfg.
(/usr/share/texlive/texmf-dist/tex/latex/microtype/microtype.cfg
File: microtype.cfg 2019/11/18 v2.7d microtype main configuration file (RS)
)) (/usr/share/texlive/texmf-dist/tex/latex/parskip/parskip.sty
Package: parskip 2020-01-22 v2.0d non-zero parskip adjustments
(/usr/share/texlive/texmf-dist/tex/latex/kvoptions/kvoptions.sty
Package: kvoptions 2019/11/29 v3.13 Key value format for package options (HO)
(/usr/share/texlive/texmf-dist/tex/generic/ltxcmds/ltxcmds.sty
Package: ltxcmds 2019/12/15 v1.24 LaTeX kernel commands for general use (HO)
) (/usr/share/texlive/texmf-dist/tex/generic/kvsetkeys/kvsetkeys.sty
Package: kvsetkeys 2019/12/15 v1.18 Key value parser (HO)
)) (/usr/share/texlive/texmf-dist/tex/latex/etoolbox/etoolbox.sty
Package: etoolbox 2019/09/21 v2.5h e-TeX tools for LaTeX (JAW)
\etb@tempcnta=\count189
)) (/usr/share/texlive/texmf-dist/tex/latex/xcolor/xcolor.sty
Package: xcolor 2016/05/11 v2.12 LaTeX color extensions (UK)
(/usr/share/texlive/texmf-dist/tex/latex/graphics-cfg/color.cfg
File: color.cfg 2016/01/02 v1.6 sample color configuration
)
Package xcolor Info: Driver file: pdftex.def on input line 225.
(/usr/share/texlive/texmf-dist/tex/latex/graphics-def/pdftex.def
File: pdftex.def 2018/01/08 v1.0l Graphics/color driver for pdftex
)
Package xcolor Info: Model `cmy' substituted by `cmy0' on input line 1348.
Package xcolor Info: Model `hsb' substituted by `rgb' on input line 1352.
Package xcolor Info: Model `RGB' extended on input line 1364.
Package xcolor Info: Model `HTML' substituted by `rgb' on input line 1366.
Package xcolor Info: Model `Hsb' substituted by `hsb' on input line 1367.
Package xcolor Info: Model `tHsb' substituted by `hsb' on input line 1368.
Package xcolor Info: Model `HSB' substituted by `hsb' on input line 1369.
Package xcolor Info: Model `Gray' substituted by `gray' on input line 1370.
Package xcolor Info: Model `wave' substituted by `hsb' on input line 1371.
) (/usr/share/texlive/texmf-dist/tex/latex/geometry/geometry.sty
Package: geometry 2020/01/02 v5.9 Page Geometry
(/usr/share/texlive/texmf-dist/tex/generic/iftex/ifvtex.sty
Package: ifvtex 2019/10/25 v1.7 ifvtex legacy package. Use iftex instead.
)
\Gm@cnth=\count190
\Gm@cntv=\count191
\c@Gm@tempcnt=\count192
\Gm@bindingoffset=\dimen145
\Gm@wd@mp=\dimen146
\Gm@odd@mp=\dimen147
\Gm@even@mp=\dimen148
\Gm@layoutwidth=\dimen149
\Gm@layoutheight=\dimen150
\Gm@layouthoffset=\dimen151
\Gm@layoutvoffset=\dimen152
\Gm@dimlist=\toks23
) (/usr/share/texlive/texmf-dist/tex/latex/fancyvrb/fancyvrb.sty
Package: fancyvrb 2020/01/13 v3.5 verbatim text (tvz,hv)
\FV@CodeLineNo=\count193
\FV@InFile=\read2
\FV@TabBox=\box47
\c@FancyVerbLine=\count194
\FV@StepNumber=\count195
\FV@OutFile=\write3
) (/usr/share/texlive/texmf-dist/tex/latex/framed/framed.sty
Package: framed 2011/10/22 v 0.96: framed or shaded text with page breaks
\OuterFrameSep=\skip53
\fb@frw=\dimen153
\fb@frh=\dimen154
\FrameRule=\dimen155
\FrameSep=\dimen156
) (/usr/share/texlive/texmf-dist/tex/latex/tools/longtable.sty
Package: longtable 2020/01/07 v4.13 Multi-page Table package (DPC)
\LTleft=\skip54
\LTright=\skip55
\LTpre=\skip56
\LTpost=\skip57
\LTchunksize=\count196
\LTcapwidth=\dimen157
\LT@head=\box48
\LT@firsthead=\box49
\LT@foot=\box50
\LT@lastfoot=\box51
\LT@cols=\count197
\LT@rows=\count198
\c@LT@tables=\count199
\c@LT@chunks=\count266
\LT@p@ftn=\toks24
) (/usr/share/texlive/texmf-dist/tex/latex/booktabs/booktabs.sty
Package: booktabs 2020/01/12 v1.61803398 Publication quality tables
\heavyrulewidth=\dimen158
\lightrulewidth=\dimen159
\cmidrulewidth=\dimen160
\belowrulesep=\dimen161
\belowbottomsep=\dimen162
\aboverulesep=\dimen163
\abovetopsep=\dimen164
\cmidrulesep=\dimen165
\cmidrulekern=\dimen166
\defaultaddspace=\dimen167
\@cmidla=\count267
\@cmidlb=\count268
\@aboverulesep=\dimen168
\@belowrulesep=\dimen169
\@thisruleclass=\count269
\@lastruleclass=\count270
\@thisrulewidth=\dimen170
) (/usr/share/texlive/texmf-dist/tex/latex/tools/array.sty
Package: array 2019/08/31 v2.4l Tabular extension package (FMi)
\col@sep=\dimen171
\ar@mcellbox=\box52
\extrarowheight=\dimen172
\NC@list=\toks25
\extratabsurround=\skip58
\backup@length=\skip59
\ar@cellbox=\box53
) (/usr/share/texlive/texmf-dist/tex/latex/tools/calc.sty
Package: calc 2017/05/25 v4.3 Infix arithmetic (KKT,FJ)
\calc@Acount=\count271
\calc@Bcount=\count272
\calc@Adimen=\dimen173
\calc@Bdimen=\dimen174
\calc@Askip=\skip60
\calc@Bskip=\skip61
LaTeX Info: Redefining \setlength on input line 80.
LaTeX Info: Redefining \addtolength on input line 81.
\calc@Ccount=\count273
\calc@Cskip=\skip62
) (/usr/share/texlive/texmf-dist/tex/latex/footnotehyper/footnotehyper.sty
Package: footnotehyper 2019/11/07 v1.1a hyperref aware footnote.sty (JFB)
\FNH@notes=\box54
\FNH@width=\dimen175
) (/usr/share/texlive/texmf-dist/tex/latex/graphics/graphicx.sty
Package: graphicx 2019/11/30 v1.2a Enhanced LaTeX Graphics (DPC,SPQR)
(/usr/share/texlive/texmf-dist/tex/latex/graphics/graphics.sty
Package: graphics 2019/11/30 v1.4a Standard LaTeX Graphics (DPC,SPQR)
(/usr/share/texlive/texmf-dist/tex/latex/graphics/trig.sty
Package: trig 2016/01/03 v1.10 sin cos tan (DPC)
) (/usr/share/texlive/texmf-dist/tex/latex/graphics-cfg/graphics.cfg
File: graphics.cfg 2016/06/04 v1.11 sample graphics configuration
)
Package graphics Info: Driver file: pdftex.def on input line 105.
)
\Gin@req@height=\dimen176
\Gin@req@width=\dimen177
) (/usr/share/texlive/texmf-dist/tex/latex/bookmark/bookmark.sty
Package: bookmark 2019/12/03 v1.28 PDF bookmarks (HO)
(/usr/share/texlive/texmf-dist/tex/latex/hyperref/hyperref.sty
Package: hyperref 2020/01/14 v7.00d Hypertext links for LaTeX
(/usr/share/texlive/texmf-dist/tex/latex/pdftexcmds/pdftexcmds.sty
Package: pdftexcmds 2019/11/24 v0.31 Utility functions of pdfTeX for LuaTeX (HO
)
(/usr/share/texlive/texmf-dist/tex/generic/infwarerr/infwarerr.sty
Package: infwarerr 2019/12/03 v1.5 Providing info/warning/error messages (HO)
)
Package pdftexcmds Info: \pdf@primitive is available.
Package pdftexcmds Info: \pdf@ifprimitive is available.
Package pdftexcmds Info: \pdfdraftmode found.
) (/usr/share/texlive/texmf-dist/tex/generic/kvdefinekeys/kvdefinekeys.sty
Package: kvdefinekeys 2019-12-19 v1.6 Define keys (HO)
) (/usr/share/texlive/texmf-dist/tex/generic/pdfescape/pdfescape.sty
Package: pdfescape 2019/12/09 v1.15 Implements pdfTeX's escape features (HO)
) (/usr/share/texlive/texmf-dist/tex/latex/hycolor/hycolor.sty
Package: hycolor 2020-01-27 v1.10 Color options for hyperref/bookmark (HO)
) (/usr/share/texlive/texmf-dist/tex/latex/letltxmacro/letltxmacro.sty
Package: letltxmacro 2019/12/03 v1.6 Let assignment for LaTeX macros (HO)
) (/usr/share/texlive/texmf-dist/tex/latex/auxhook/auxhook.sty
Package: auxhook 2019-12-17 v1.6 Hooks for auxiliary files (HO)
)
\@linkdim=\dimen178
\Hy@linkcounter=\count274
\Hy@pagecounter=\count275
(/usr/share/texlive/texmf-dist/tex/latex/hyperref/pd1enc.def
File: pd1enc.def 2020/01/14 v7.00d Hyperref: PDFDocEncoding definition (HO)
Now handling font encoding PD1 ...
... no UTF-8 mapping file for font encoding PD1
) (/usr/share/texlive/texmf-dist/tex/generic/intcalc/intcalc.sty
Package: intcalc 2019/12/15 v1.3 Expandable calculations with integers (HO)
) (/usr/share/texlive/texmf-dist/tex/generic/etexcmds/etexcmds.sty
Package: etexcmds 2019/12/15 v1.7 Avoid name clashes with e-TeX commands (HO)
)
\Hy@SavedSpaceFactor=\count276
\pdfmajorversion=\count277
Package hyperref Info: Option `unicode' set `true' on input line 4421.
(/usr/share/texlive/texmf-dist/tex/latex/hyperref/puenc.def
File: puenc.def 2020/01/14 v7.00d Hyperref: PDF Unicode definition (HO)
Now handling font encoding PU ...
... no UTF-8 mapping file for font encoding PU
)
Package hyperref Info: Hyper figures OFF on input line 4547.
Package hyperref Info: Link nesting OFF on input line 4552.
Package hyperref Info: Hyper index ON on input line 4555.
Package hyperref Info: Plain pages OFF on input line 4562.
Package hyperref Info: Backreferencing OFF on input line 4567.
Package hyperref Info: Implicit mode ON; LaTeX internals redefined.
Package hyperref Info: Bookmarks ON on input line 4800.
\c@Hy@tempcnt=\count278
(/usr/share/texlive/texmf-dist/tex/latex/url/url.sty
\Urlmuskip=\muskip17
Package: url 2013/09/16  ver 3.4  Verb mode for urls, etc.
)
LaTeX Info: Redefining \url on input line 5159.
\XeTeXLinkMargin=\dimen179
(/usr/share/texlive/texmf-dist/tex/generic/bitset/bitset.sty
Package: bitset 2019/12/09 v1.3 Handle bit-vector datatype (HO)
(/usr/share/texlive/texmf-dist/tex/generic/bigintcalc/bigintcalc.sty
Package: bigintcalc 2019/12/15 v1.5 Expandable calculations on big integers (HO
)
))
\Fld@menulength=\count279
\Field@Width=\dimen180
\Fld@charsize=\dimen181
Package hyperref Info: Hyper figures OFF on input line 6430.
Package hyperref Info: Link nesting OFF on input line 6435.
Package hyperref Info: Hyper index ON on input line 6438.
Package hyperref Info: backreferencing OFF on input line 6445.
Package hyperref Info: Link coloring OFF on input line 6450.
Package hyperref Info: Link coloring with OCG OFF on input line 6455.
Package hyperref Info: PDF/A mode OFF on input line 6460.
LaTeX Info: Redefining \ref on input line 6500.
LaTeX Info: Redefining \pageref on input line 6504.
(/usr/share/texlive/texmf-dist/tex/generic/atbegshi/atbegshi.sty
Package: atbegshi 2019/12/05 v1.19 At begin shipout hook (HO)
)
\Hy@abspage=\count280
\c@Item=\count281
\c@Hfootnote=\count282
)
Package hyperref Info: Driver (autodetected): hpdftex.
(/usr/share/texlive/texmf-dist/tex/latex/hyperref/hpdftex.def
File: hpdftex.def 2020/01/14 v7.00d Hyperref driver for pdfTeX
(/usr/share/texlive/texmf-dist/tex/latex/atveryend/atveryend.sty
Package: atveryend 2019-12-11 v1.11 Hooks at the very end of document (HO)
)
\Fld@listcount=\count283
\c@bookmark@seq@number=\count284
(/usr/share/texlive/texmf-dist/tex/latex/rerunfilecheck/rerunfilecheck.sty
Package: rerunfilecheck 2019/12/05 v1.9 Rerun checks for auxiliary files (HO)
(/usr/share/texlive/texmf-dist/tex/generic/uniquecounter/uniquecounter.sty
Package: uniquecounter 2019/12/15 v1.4 Provide unlimited unique counter (HO)
)
Package uniquecounter Info: New unique counter `rerunfilecheck' on input line 2
86.
)
\Hy@SectionHShift=\skip63
) (/usr/share/texlive/texmf-dist/tex/latex/bookmark/bkm-pdftex.def
File: bkm-pdftex.def 2019/12/03 v1.28 bookmark driver for pdfTeX (HO)
\BKM@id=\count285
)) (/usr/share/texlive/texmf-dist/tex/latex/xurl/xurl.sty
Package: xurl 2020/01/24 v 0.09 modify URL breaks
) (/usr/share/texlive/texmf-dist/tex/latex/l3backend/l3backend-pdfmode.def
File: l3backend-pdfmode.def 2020-02-03 L3 backend support: PDF mode
\l__kernel_color_stack_int=\count286
\l__pdf_internal_box=\box55
) (./Wang_Song_Jmal_Grivet_Rapport.aux)
\openout1 = `Wang_Song_Jmal_Grivet_Rapport.aux'.

LaTeX Font Info:    Checking defaults for OML/cmm/m/it on input line 121.
LaTeX Font Info:    ... okay on input line 121.
LaTeX Font Info:    Checking defaults for OMS/cmsy/m/n on input line 121.
LaTeX Font Info:    ... okay on input line 121.
LaTeX Font Info:    Checking defaults for OT1/cmr/m/n on input line 121.
LaTeX Font Info:    ... okay on input line 121.
LaTeX Font Info:    Checking defaults for T1/cmr/m/n on input line 121.
LaTeX Font Info:    ... okay on input line 121.
LaTeX Font Info:    Checking defaults for TS1/cmr/m/n on input line 121.
LaTeX Font Info:    ... okay on input line 121.
LaTeX Font Info:    Checking defaults for OMX/cmex/m/n on input line 121.
LaTeX Font Info:    ... okay on input line 121.
LaTeX Font Info:    Checking defaults for U/cmr/m/n on input line 121.
LaTeX Font Info:    ... okay on input line 121.
LaTeX Font Info:    Checking defaults for PD1/pdf/m/n on input line 121.
LaTeX Font Info:    ... okay on input line 121.
LaTeX Font Info:    Checking defaults for PU/pdf/m/n on input line 121.
LaTeX Font Info:    ... okay on input line 121.
LaTeX Info: Redefining \microtypecontext on input line 121.
Package microtype Info: Generating PDF output.
Package microtype Info: Character protrusion enabled (level 2).
Package microtype Info: Using protrusion set `basicmath'.
Package microtype Info: Automatic font expansion enabled (level 2),
(microtype)             stretch: 20, shrink: 20, step: 1, non-selected.
Package microtype Info: Using default expansion set `basictext'.
LaTeX Info: Redefining \showhyphens on input line 121.
Package microtype Info: No adjustment of tracking.
Package microtype Info: No adjustment of interword spacing.
Package microtype Info: No adjustment of character kerning.
(/usr/share/texlive/texmf-dist/tex/latex/microtype/mt-cmr.cfg
File: mt-cmr.cfg 2013/05/19 v2.2 microtype config. file: Computer Modern Roman 
(RS)
) (/usr/share/texlive/texmf-dist/tex/context/base/mkii/supp-pdf.mkii
[Loading MPS to PDF converter (version 2006.09.02).]
\scratchcounter=\count287
\scratchdimen=\dimen182
\scratchbox=\box56
\nofMPsegments=\count288
\nofMParguments=\count289
\everyMPshowfont=\toks26
\MPscratchCnt=\count290
\MPscratchDim=\dimen183
\MPnumerator=\count291
\makeMPintoPDFobject=\count292
\everyMPtoPDFconversion=\toks27
) (/usr/share/texlive/texmf-dist/tex/latex/epstopdf-pkg/epstopdf-base.sty
Package: epstopdf-base 2020-01-24 v2.11 Base part for package epstopdf
Package epstopdf-base Info: Redefining graphics rule for `.eps' on input line 4
85.
(/usr/share/texlive/texmf-dist/tex/latex/latexconfig/epstopdf-sys.cfg
File: epstopdf-sys.cfg 2010/07/13 v1.3 Configuration of (r)epstopdf for TeX Liv
e
))
*geometry* driver: auto-detecting
*geometry* detected driver: pdftex
*geometry* verbose mode - [ preamble ] result:
* driver: pdftex
* paper: <default>
* layout: <same size as paper>
* layoutoffset:(h,v)=(0.0pt,0.0pt)
* modes: 
* h-part:(L,W,R)=(72.26999pt, 469.75502pt, 72.26999pt)
* v-part:(T,H,B)=(72.26999pt, 650.43001pt, 72.26999pt)
* \paperwidth=614.295pt
* \paperheight=794.96999pt
* \textwidth=469.75502pt
* \textheight=650.43001pt
* \oddsidemargin=0.0pt
* \evensidemargin=0.0pt
* \topmargin=-37.0pt
* \headheight=12.0pt
* \headsep=25.0pt
* \topskip=10.0pt
* \footskip=30.0pt
* \marginparwidth=65.0pt
* \marginparsep=11.0pt
* \columnsep=10.0pt
* \skip\footins=9.0pt plus 4.0pt minus 2.0pt
* \hoffset=0.0pt
* \voffset=0.0pt
* \mag=1000
* \@twocolumnfalse
* \@twosidefalse
* \@mparswitchfalse
* \@reversemarginfalse
* (1in=72.27pt=25.4mm, 1cm=28.453pt)

\AtBeginShipoutBox=\box57
Package hyperref Info: Link coloring OFF on input line 121.
(/usr/share/texlive/texmf-dist/tex/latex/hyperref/nameref.sty
Package: nameref 2019/09/16 v2.46 Cross-referencing by name of section
(/usr/share/texlive/texmf-dist/tex/latex/refcount/refcount.sty
Package: refcount 2019/12/15 v3.6 Data extraction from label references (HO)
) (/usr/share/texlive/texmf-dist/tex/generic/gettitlestring/gettitlestring.sty
Package: gettitlestring 2019/12/15 v1.6 Cleanup title references (HO)
)
\c@section@level=\count293
)
LaTeX Info: Redefining \ref on input line 121.
LaTeX Info: Redefining \pageref on input line 121.
LaTeX Info: Redefining \nameref on input line 121.
LaTeX Font Info:    Trying to load font information for OT1+lmr on input line 1
23.
(/usr/share/texmf/tex/latex/lm/ot1lmr.fd
File: ot1lmr.fd 2009/10/30 v1.6 Font defs for Latin Modern
)
LaTeX Font Info:    Trying to load font information for OML+lmm on input line 1
23.
(/usr/share/texmf/tex/latex/lm/omllmm.fd
File: omllmm.fd 2009/10/30 v1.6 Font defs for Latin Modern
)
LaTeX Font Info:    Trying to load font information for OMS+lmsy on input line 
123.
(/usr/share/texmf/tex/latex/lm/omslmsy.fd
File: omslmsy.fd 2009/10/30 v1.6 Font defs for Latin Modern
)
LaTeX Font Info:    Trying to load font information for OMX+lmex on input line 
123.
(/usr/share/texmf/tex/latex/lm/omxlmex.fd
File: omxlmex.fd 2009/10/30 v1.6 Font defs for Latin Modern
)
LaTeX Font Info:    External font `lmex10' loaded for size
(Font)              <12> on input line 123.
LaTeX Font Info:    External font `lmex10' loaded for size
(Font)              <8> on input line 123.
LaTeX Font Info:    External font `lmex10' loaded for size
(Font)              <6> on input line 123.
LaTeX Font Info:    Trying to load font information for U+msa on input line 123
.
(/usr/share/texlive/texmf-dist/tex/latex/amsfonts/umsa.fd
File: umsa.fd 2013/01/14 v3.01 AMS symbols A
) (/usr/share/texlive/texmf-dist/tex/latex/microtype/mt-msa.cfg
File: mt-msa.cfg 2006/02/04 v1.1 microtype config. file: AMS symbols (a) (RS)
)
LaTeX Font Info:    Trying to load font information for U+msb on input line 123
.
(/usr/share/texlive/texmf-dist/tex/latex/amsfonts/umsb.fd
File: umsb.fd 2013/01/14 v3.01 AMS symbols B
) (/usr/share/texlive/texmf-dist/tex/latex/microtype/mt-msb.cfg
File: mt-msb.cfg 2005/06/01 v1.0 microtype config. file: AMS symbols (b) (RS)
) (./Wang_Song_Jmal_Grivet_Rapport.toc
LaTeX Font Info:    External font `lmex10' loaded for size
(Font)              <10> on input line 3.
LaTeX Font Info:    External font `lmex10' loaded for size
(Font)              <7> on input line 3.
LaTeX Font Info:    External font `lmex10' loaded for size
(Font)              <5> on input line 3.
)
\tf@toc=\write4
\openout4 = `Wang_Song_Jmal_Grivet_Rapport.toc'.

[1

{/var/lib/texmf/fonts/map/pdftex/updmap/pdftex.map}]
LaTeX Font Info:    Trying to load font information for TS1+lmr on input line 1
40.
(/usr/share/texmf/tex/latex/lm/ts1lmr.fd
File: ts1lmr.fd 2009/10/30 v1.6 Font defs for Latin Modern
)
Overfull \hbox (2.92694pt too wide) in paragraph at lines 183--184
 []\T1/lmr/m/n/10 (-20) T1_1h_R1
 []


Overfull \hbox (2.92694pt too wide) in paragraph at lines 185--186
 []\T1/lmr/m/n/10 (-20) T1_2h_R1
 []


Overfull \hbox (2.92694pt too wide) in paragraph at lines 187--188
 []\T1/lmr/m/n/10 (-20) T1_3h_R1
 []


Overfull \hbox (2.92694pt too wide) in paragraph at lines 189--190
 []\T1/lmr/m/n/10 (-20) T1_4h_R1
 []


Overfull \hbox (2.92694pt too wide) in paragraph at lines 191--192
 []\T1/lmr/m/n/10 (-20) T1_5h_R1
 []


Overfull \hbox (2.92694pt too wide) in paragraph at lines 193--194
 []\T1/lmr/m/n/10 (-20) T1_6h_R1
 []


Overfull \hbox (2.92694pt too wide) in paragraph at lines 195--196
 []\T1/lmr/m/n/10 (-20) T2_1h_R1
 []


Overfull \hbox (2.92694pt too wide) in paragraph at lines 197--198
 []\T1/lmr/m/n/10 (-20) T2_2h_R1
 []


Overfull \hbox (2.92694pt too wide) in paragraph at lines 204--205
 []\T1/lmr/m/n/10 (-20) T1_1h_R1
 []


Overfull \hbox (2.92694pt too wide) in paragraph at lines 206--207
 []\T1/lmr/m/n/10 (-20) T1_2h_R1
 []


Overfull \hbox (2.92694pt too wide) in paragraph at lines 208--209
 []\T1/lmr/m/n/10 (-20) T1_3h_R1
 []


Overfull \hbox (2.92694pt too wide) in paragraph at lines 210--211
 []\T1/lmr/m/n/10 (-20) T1_4h_R1
 []


Overfull \hbox (2.92694pt too wide) in paragraph at lines 212--213
 []\T1/lmr/m/n/10 (-20) T1_5h_R1
 []


Overfull \hbox (2.92694pt too wide) in paragraph at lines 214--215
 []\T1/lmr/m/n/10 (-20) T1_6h_R1
 []


Overfull \hbox (2.92694pt too wide) in paragraph at lines 216--217
 []\T1/lmr/m/n/10 (-20) T2_1h_R1
 []


Overfull \hbox (2.92694pt too wide) in paragraph at lines 218--219
 []\T1/lmr/m/n/10 (-20) T2_2h_R1
 []

LaTeX Font Info:    Trying to load font information for T1+lmtt on input line 2
45.
(/usr/share/texmf/tex/latex/lm/t1lmtt.fd
File: t1lmtt.fd 2009/10/30 v1.6 Font defs for Latin Modern
) [2]
<Wang_Song_Jmal_Grivet_Rapport_files/figure-latex/unnamed-chunk-9-1.pdf, id=58,
 459.7175pt x 204.765pt>
File: Wang_Song_Jmal_Grivet_Rapport_files/figure-latex/unnamed-chunk-9-1.pdf Gr
aphic file (type pdf)
<use Wang_Song_Jmal_Grivet_Rapport_files/figure-latex/unnamed-chunk-9-1.pdf>
Package pdftex.def Info: Wang_Song_Jmal_Grivet_Rapport_files/figure-latex/unnam
ed-chunk-9-1.pdf  used on input line 252.
(pdftex.def)             Requested size: 459.74442pt x 204.77698pt.
[3 <./Wang_Song_Jmal_Grivet_Rapport_files/figure-latex/unnamed-chunk-9-1.pdf>]
<Wang_Song_Jmal_Grivet_Rapport_files/figure-latex/unnamed-chunk-11-1.pdf, id=72
, 393.47pt x 355.3275pt>
File: Wang_Song_Jmal_Grivet_Rapport_files/figure-latex/unnamed-chunk-11-1.pdf G
raphic file (type pdf)
<use Wang_Song_Jmal_Grivet_Rapport_files/figure-latex/unnamed-chunk-11-1.pdf>
Package pdftex.def Info: Wang_Song_Jmal_Grivet_Rapport_files/figure-latex/unnam
ed-chunk-11-1.pdf  used on input line 273.
(pdftex.def)             Requested size: 393.46902pt x 355.32661pt.
[4 <./Wang_Song_Jmal_Grivet_Rapport_files/figure-latex/unnamed-chunk-11-1.pdf>]
<Wang_Song_Jmal_Grivet_Rapport_files/figure-latex/unnamed-chunk-13-2.pdf, id=86
, 416.55624pt x 148.555pt>
File: Wang_Song_Jmal_Grivet_Rapport_files/figure-latex/unnamed-chunk-13-2.pdf G
raphic file (type pdf)
<use Wang_Song_Jmal_Grivet_Rapport_files/figure-latex/unnamed-chunk-13-2.pdf>
Package pdftex.def Info: Wang_Song_Jmal_Grivet_Rapport_files/figure-latex/unnam
ed-chunk-13-2.pdf  used on input line 291.
(pdftex.def)             Requested size: 416.57428pt x 148.56142pt.
<Wang_Song_Jmal_Grivet_Rapport_files/figure-latex/unnamed-chunk-15-1.pdf, id=88
, 422.57875pt x 105.39375pt>
File: Wang_Song_Jmal_Grivet_Rapport_files/figure-latex/unnamed-chunk-15-1.pdf G
raphic file (type pdf)
<use Wang_Song_Jmal_Grivet_Rapport_files/figure-latex/unnamed-chunk-15-1.pdf>
Package pdftex.def Info: Wang_Song_Jmal_Grivet_Rapport_files/figure-latex/unnam
ed-chunk-15-1.pdf  used on input line 304.
(pdftex.def)             Requested size: 422.58415pt x 105.39508pt.
[5 <./Wang_Song_Jmal_Grivet_Rapport_files/figure-latex/unnamed-chunk-13-2.pdf> 
<./Wang_Song_Jmal_Grivet_Rapport_files/figure-latex/unnamed-chunk-15-1.pdf>]
<Wang_Song_Jmal_Grivet_Rapport_files/figure-latex/unnamed-chunk-18-1.pdf, id=11
1, 406.51875pt x 232.87pt>
File: Wang_Song_Jmal_Grivet_Rapport_files/figure-latex/unnamed-chunk-18-1.pdf G
raphic file (type pdf)
<use Wang_Song_Jmal_Grivet_Rapport_files/figure-latex/unnamed-chunk-18-1.pdf>
Package pdftex.def Info: Wang_Song_Jmal_Grivet_Rapport_files/figure-latex/unnam
ed-chunk-18-1.pdf  used on input line 326.
(pdftex.def)             Requested size: 406.53015pt x 232.87651pt.
<Wang_Song_Jmal_Grivet_Rapport_files/figure-latex/unnamed-chunk-21-2.pdf, id=11
3, 437.635pt x 135.50626pt>
File: Wang_Song_Jmal_Grivet_Rapport_files/figure-latex/unnamed-chunk-21-2.pdf G
raphic file (type pdf)
<use Wang_Song_Jmal_Grivet_Rapport_files/figure-latex/unnamed-chunk-21-2.pdf>
Package pdftex.def Info: Wang_Song_Jmal_Grivet_Rapport_files/figure-latex/unnam
ed-chunk-21-2.pdf  used on input line 338.
(pdftex.def)             Requested size: 437.6406pt x 135.50797pt.
[6 <./Wang_Song_Jmal_Grivet_Rapport_files/figure-latex/unnamed-chunk-18-1.pdf> 
<./Wang_Song_Jmal_Grivet_Rapport_files/figure-latex/unnamed-chunk-21-2.pdf>]
LaTeX Font Info:    Font shape `T1/lmtt/bx/n' in size <10> not available
(Font)              Font shape `T1/lmtt/b/n' tried instead on input line 366.
<Wang_Song_Jmal_Grivet_Rapport_files/figure-latex/unnamed-chunk-28-2.pdf, id=13
9, 406.51875pt x 232.87pt>
File: Wang_Song_Jmal_Grivet_Rapport_files/figure-latex/unnamed-chunk-28-2.pdf G
raphic file (type pdf)
<use Wang_Song_Jmal_Grivet_Rapport_files/figure-latex/unnamed-chunk-28-2.pdf>
Package pdftex.def Info: Wang_Song_Jmal_Grivet_Rapport_files/figure-latex/unnam
ed-chunk-28-2.pdf  used on input line 383.
(pdftex.def)             Requested size: 406.53015pt x 232.87651pt.
<Wang_Song_Jmal_Grivet_Rapport_files/figure-latex/unnamed-chunk-31-1.pdf, id=14
1, 457.71pt x 316.18124pt>
File: Wang_Song_Jmal_Grivet_Rapport_files/figure-latex/unnamed-chunk-31-1.pdf G
raphic file (type pdf)
<use Wang_Song_Jmal_Grivet_Rapport_files/figure-latex/unnamed-chunk-31-1.pdf>
Package pdftex.def Info: Wang_Song_Jmal_Grivet_Rapport_files/figure-latex/unnam
ed-chunk-31-1.pdf  used on input line 397.
(pdftex.def)             Requested size: 457.72984pt x 316.19493pt.
[7 <./Wang_Song_Jmal_Grivet_Rapport_files/figure-latex/unnamed-chunk-28-2.pdf>]
[8 <./Wang_Song_Jmal_Grivet_Rapport_files/figure-latex/unnamed-chunk-31-1.pdf>]
<Wang_Song_Jmal_Grivet_Rapport_files/figure-latex/unnamed-chunk-38-1.pdf, id=17
4, 463.7325pt x 316.18124pt>
File: Wang_Song_Jmal_Grivet_Rapport_files/figure-latex/unnamed-chunk-38-1.pdf G
raphic file (type pdf)
<use Wang_Song_Jmal_Grivet_Rapport_files/figure-latex/unnamed-chunk-38-1.pdf>
Package pdftex.def Info: Wang_Song_Jmal_Grivet_Rapport_files/figure-latex/unnam
ed-chunk-38-1.pdf  used on input line 439.
(pdftex.def)             Requested size: 463.73842pt x 316.18529pt.
<Wang_Song_Jmal_Grivet_Rapport_files/figure-latex/unnamed-chunk-41-1.pdf, id=17
7, 566.115pt x 298.11375pt>
File: Wang_Song_Jmal_Grivet_Rapport_files/figure-latex/unnamed-chunk-41-1.pdf G
raphic file (type pdf)
<use Wang_Song_Jmal_Grivet_Rapport_files/figure-latex/unnamed-chunk-41-1.pdf>
Package pdftex.def Info: Wang_Song_Jmal_Grivet_Rapport_files/figure-latex/unnam
ed-chunk-41-1.pdf  used on input line 455.
(pdftex.def)             Requested size: 469.76303pt x 247.37521pt.
[9 <./Wang_Song_Jmal_Grivet_Rapport_files/figure-latex/unnamed-chunk-38-1.pdf>]
<Wang_Song_Jmal_Grivet_Rapport_files/figure-latex/unnamed-chunk-44-1.pdf, id=19
6, 438.63875pt x 190.7125pt>
File: Wang_Song_Jmal_Grivet_Rapport_files/figure-latex/unnamed-chunk-44-1.pdf G
raphic file (type pdf)
<use Wang_Song_Jmal_Grivet_Rapport_files/figure-latex/unnamed-chunk-44-1.pdf>
Package pdftex.def Info: Wang_Song_Jmal_Grivet_Rapport_files/figure-latex/unnam
ed-chunk-44-1.pdf  used on input line 484.
(pdftex.def)             Requested size: 438.64435pt x 190.71492pt.
<Wang_Song_Jmal_Grivet_Rapport_files/figure-latex/unnamed-chunk-46-1.pdf, id=19
7, 459.7175pt x 204.765pt>
File: Wang_Song_Jmal_Grivet_Rapport_files/figure-latex/unnamed-chunk-46-1.pdf G
raphic file (type pdf)
<use Wang_Song_Jmal_Grivet_Rapport_files/figure-latex/unnamed-chunk-46-1.pdf>
Package pdftex.def Info: Wang_Song_Jmal_Grivet_Rapport_files/figure-latex/unnam
ed-chunk-46-1.pdf  used on input line 497.
(pdftex.def)             Requested size: 459.74442pt x 204.77698pt.
<Wang_Song_Jmal_Grivet_Rapport_files/figure-latex/unnamed-chunk-49-1.pdf, id=19
8, 361.35pt x 361.35pt>
File: Wang_Song_Jmal_Grivet_Rapport_files/figure-latex/unnamed-chunk-49-1.pdf G
raphic file (type pdf)
<use Wang_Song_Jmal_Grivet_Rapport_files/figure-latex/unnamed-chunk-49-1.pdf>
Package pdftex.def Info: Wang_Song_Jmal_Grivet_Rapport_files/figure-latex/unnam
ed-chunk-49-1.pdf  used on input line 521.
(pdftex.def)             Requested size: 361.34912pt x 361.34912pt.
[10 <./Wang_Song_Jmal_Grivet_Rapport_files/figure-latex/unnamed-chunk-41-1.pdf>
] [11 <./Wang_Song_Jmal_Grivet_Rapport_files/figure-latex/unnamed-chunk-44-1.pd
f> <./Wang_Song_Jmal_Grivet_Rapport_files/figure-latex/unnamed-chunk-46-1.pdf>]
[12 <./Wang_Song_Jmal_Grivet_Rapport_files/figure-latex/unnamed-chunk-49-1.pdf>
]
<Wang_Song_Jmal_Grivet_Rapport_files/figure-latex/unnamed-chunk-50-3.pdf, id=25
2, 459.7175pt x 204.765pt>
File: Wang_Song_Jmal_Grivet_Rapport_files/figure-latex/unnamed-chunk-50-3.pdf G
raphic file (type pdf)
<use Wang_Song_Jmal_Grivet_Rapport_files/figure-latex/unnamed-chunk-50-3.pdf>
Package pdftex.def Info: Wang_Song_Jmal_Grivet_Rapport_files/figure-latex/unnam
ed-chunk-50-3.pdf  used on input line 537.
(pdftex.def)             Requested size: 459.74442pt x 204.77698pt.
LaTeX Font Info:    Trying to load font information for TS1+lmtt on input line 
550.
(/usr/share/texmf/tex/latex/lm/ts1lmtt.fd
File: ts1lmtt.fd 2009/10/30 v1.6 Font defs for Latin Modern
) [13 <./Wang_Song_Jmal_Grivet_Rapport_files/figure-latex/unnamed-chunk-50-3.pd
f>]
<Wang_Song_Jmal_Grivet_Rapport_files/figure-latex/unnamed-chunk-56-1.pdf, id=26
9, 459.7175pt x 207.77625pt>
File: Wang_Song_Jmal_Grivet_Rapport_files/figure-latex/unnamed-chunk-56-1.pdf G
raphic file (type pdf)
<use Wang_Song_Jmal_Grivet_Rapport_files/figure-latex/unnamed-chunk-56-1.pdf>
Package pdftex.def Info: Wang_Song_Jmal_Grivet_Rapport_files/figure-latex/unnam
ed-chunk-56-1.pdf  used on input line 568.
(pdftex.def)             Requested size: 459.73741pt x 207.78523pt.

LaTeX Warning: Reference `fig:icl3' on page 14 undefined on input line 572.

<Wang_Song_Jmal_Grivet_Rapport_files/figure-latex/unnamed-chunk-61-1.pdf, id=27
0, 459.7175pt x 204.765pt>
File: Wang_Song_Jmal_Grivet_Rapport_files/figure-latex/unnamed-chunk-61-1.pdf G
raphic file (type pdf)
<use Wang_Song_Jmal_Grivet_Rapport_files/figure-latex/unnamed-chunk-61-1.pdf>
Package pdftex.def Info: Wang_Song_Jmal_Grivet_Rapport_files/figure-latex/unnam
ed-chunk-61-1.pdf  used on input line 597.
(pdftex.def)             Requested size: 459.74442pt x 204.77698pt.
<Wang_Song_Jmal_Grivet_Rapport_files/figure-latex/unnamed-chunk-62-1.pdf, id=27
1, 463.7325pt x 189.70876pt>
File: Wang_Song_Jmal_Grivet_Rapport_files/figure-latex/unnamed-chunk-62-1.pdf G
raphic file (type pdf)
<use Wang_Song_Jmal_Grivet_Rapport_files/figure-latex/unnamed-chunk-62-1.pdf>
Package pdftex.def Info: Wang_Song_Jmal_Grivet_Rapport_files/figure-latex/unnam
ed-chunk-62-1.pdf  used on input line 607.
(pdftex.def)             Requested size: 463.73842pt x 189.71117pt.
<Wang_Song_Jmal_Grivet_Rapport_files/figure-latex/unnamed-chunk-63-1.pdf, id=27
2, 174.6525pt x 188.705pt>
File: Wang_Song_Jmal_Grivet_Rapport_files/figure-latex/unnamed-chunk-63-1.pdf G
raphic file (type pdf)
<use Wang_Song_Jmal_Grivet_Rapport_files/figure-latex/unnamed-chunk-63-1.pdf>
Package pdftex.def Info: Wang_Song_Jmal_Grivet_Rapport_files/figure-latex/unnam
ed-chunk-63-1.pdf  used on input line 625.
(pdftex.def)             Requested size: 174.65207pt x 188.70453pt.
[14 <./Wang_Song_Jmal_Grivet_Rapport_files/figure-latex/unnamed-chunk-56-1.pdf>
] [15 <./Wang_Song_Jmal_Grivet_Rapport_files/figure-latex/unnamed-chunk-61-1.pd
f> <./Wang_Song_Jmal_Grivet_Rapport_files/figure-latex/unnamed-chunk-62-1.pdf>]
<Wang_Song_Jmal_Grivet_Rapport_files/figure-latex/unnamed-chunk-66-1.pdf, id=31
3, 463.7325pt x 206.7725pt>
File: Wang_Song_Jmal_Grivet_Rapport_files/figure-latex/unnamed-chunk-66-1.pdf G
raphic file (type pdf)
<use Wang_Song_Jmal_Grivet_Rapport_files/figure-latex/unnamed-chunk-66-1.pdf>
Package pdftex.def Info: Wang_Song_Jmal_Grivet_Rapport_files/figure-latex/unnam
ed-chunk-66-1.pdf  used on input line 660.
(pdftex.def)             Requested size: 463.73842pt x 206.77513pt.
<Wang_Song_Jmal_Grivet_Rapport_files/figure-latex/unnamed-chunk-71-1.pdf, id=31
4, 457.71pt x 189.70876pt>
File: Wang_Song_Jmal_Grivet_Rapport_files/figure-latex/unnamed-chunk-71-1.pdf G
raphic file (type pdf)
<use Wang_Song_Jmal_Grivet_Rapport_files/figure-latex/unnamed-chunk-71-1.pdf>
Package pdftex.def Info: Wang_Song_Jmal_Grivet_Rapport_files/figure-latex/unnam
ed-chunk-71-1.pdf  used on input line 665.
(pdftex.def)             Requested size: 457.71587pt x 189.71117pt.
<Wang_Song_Jmal_Grivet_Rapport_files/figure-latex/unnamed-chunk-71-2.pdf, id=31
5, 457.71pt x 207.77625pt>
File: Wang_Song_Jmal_Grivet_Rapport_files/figure-latex/unnamed-chunk-71-2.pdf G
raphic file (type pdf)
<use Wang_Song_Jmal_Grivet_Rapport_files/figure-latex/unnamed-chunk-71-2.pdf>
Package pdftex.def Info: Wang_Song_Jmal_Grivet_Rapport_files/figure-latex/unnam
ed-chunk-71-2.pdf  used on input line 666.
(pdftex.def)             Requested size: 457.72984pt x 207.78523pt.

Underfull \hbox (badness 10000) in paragraph at lines 665--667
[][]
 []

[16 <./Wang_Song_Jmal_Grivet_Rapport_files/figure-latex/unnamed-chunk-63-1.pdf>
 <./Wang_Song_Jmal_Grivet_Rapport_files/figure-latex/unnamed-chunk-66-1.pdf>]

LaTeX Warning: Reference `fig:acp5' on page 17 undefined on input line 669.

<Wang_Song_Jmal_Grivet_Rapport_files/figure-latex/unnamed-chunk-73-1.pdf, id=33
9, 361.35pt x 361.35pt>
File: Wang_Song_Jmal_Grivet_Rapport_files/figure-latex/unnamed-chunk-73-1.pdf G
raphic file (type pdf)
<use Wang_Song_Jmal_Grivet_Rapport_files/figure-latex/unnamed-chunk-73-1.pdf>
Package pdftex.def Info: Wang_Song_Jmal_Grivet_Rapport_files/figure-latex/unnam
ed-chunk-73-1.pdf  used on input line 680.
(pdftex.def)             Requested size: 361.34912pt x 361.34912pt.

LaTeX Warning: Reference `fig:{dendogram3}' on page 17 undefined on input line 
687.

<Wang_Song_Jmal_Grivet_Rapport_files/figure-latex/unnamed-chunk-74-3.pdf, id=34
0, 459.7175pt x 204.765pt>
File: Wang_Song_Jmal_Grivet_Rapport_files/figure-latex/unnamed-chunk-74-3.pdf G
raphic file (type pdf)
<use Wang_Song_Jmal_Grivet_Rapport_files/figure-latex/unnamed-chunk-74-3.pdf>
Package pdftex.def Info: Wang_Song_Jmal_Grivet_Rapport_files/figure-latex/unnam
ed-chunk-74-3.pdf  used on input line 691.
(pdftex.def)             Requested size: 459.74442pt x 204.77698pt.
<Wang_Song_Jmal_Grivet_Rapport_files/figure-latex/unnamed-chunk-76-3.pdf, id=34
1, 453.695pt x 204.765pt>
File: Wang_Song_Jmal_Grivet_Rapport_files/figure-latex/unnamed-chunk-76-3.pdf G
raphic file (type pdf)
<use Wang_Song_Jmal_Grivet_Rapport_files/figure-latex/unnamed-chunk-76-3.pdf>
Package pdftex.def Info: Wang_Song_Jmal_Grivet_Rapport_files/figure-latex/unnam
ed-chunk-76-3.pdf  used on input line 701.
(pdftex.def)             Requested size: 453.6939pt x 204.76448pt.
[17 <./Wang_Song_Jmal_Grivet_Rapport_files/figure-latex/unnamed-chunk-71-1.pdf>
 <./Wang_Song_Jmal_Grivet_Rapport_files/figure-latex/unnamed-chunk-71-2.pdf>] [
18 <./Wang_Song_Jmal_Grivet_Rapport_files/figure-latex/unnamed-chunk-73-1.pdf> 
<./Wang_Song_Jmal_Grivet_Rapport_files/figure-latex/unnamed-chunk-74-3.pdf>]
<Wang_Song_Jmal_Grivet_Rapport_files/figure-latex/unnamed-chunk-78-1.pdf, id=38
8, 459.7175pt x 207.77625pt>
File: Wang_Song_Jmal_Grivet_Rapport_files/figure-latex/unnamed-chunk-78-1.pdf G
raphic file (type pdf)
<use Wang_Song_Jmal_Grivet_Rapport_files/figure-latex/unnamed-chunk-78-1.pdf>
Package pdftex.def Info: Wang_Song_Jmal_Grivet_Rapport_files/figure-latex/unnam
ed-chunk-78-1.pdf  used on input line 708.
(pdftex.def)             Requested size: 459.73741pt x 207.78523pt.
<Wang_Song_Jmal_Grivet_Rapport_files/figure-latex/unnamed-chunk-81-1.pdf, id=38
9, 459.7175pt x 204.765pt>
File: Wang_Song_Jmal_Grivet_Rapport_files/figure-latex/unnamed-chunk-81-1.pdf G
raphic file (type pdf)
<use Wang_Song_Jmal_Grivet_Rapport_files/figure-latex/unnamed-chunk-81-1.pdf>
Package pdftex.def Info: Wang_Song_Jmal_Grivet_Rapport_files/figure-latex/unnam
ed-chunk-81-1.pdf  used on input line 719.
(pdftex.def)             Requested size: 459.74442pt x 204.77698pt.
[19 <./Wang_Song_Jmal_Grivet_Rapport_files/figure-latex/unnamed-chunk-76-3.pdf>
 <./Wang_Song_Jmal_Grivet_Rapport_files/figure-latex/unnamed-chunk-78-1.pdf>]
<Wang_Song_Jmal_Grivet_Rapport_files/figure-latex/unnamed-chunk-83-1.pdf, id=41
1, 453.695pt x 204.765pt>
File: Wang_Song_Jmal_Grivet_Rapport_files/figure-latex/unnamed-chunk-83-1.pdf G
raphic file (type pdf)
<use Wang_Song_Jmal_Grivet_Rapport_files/figure-latex/unnamed-chunk-83-1.pdf>
Package pdftex.def Info: Wang_Song_Jmal_Grivet_Rapport_files/figure-latex/unnam
ed-chunk-83-1.pdf  used on input line 724.
(pdftex.def)             Requested size: 453.6939pt x 204.76448pt.
[20 <./Wang_Song_Jmal_Grivet_Rapport_files/figure-latex/unnamed-chunk-81-1.pdf>
 <./Wang_Song_Jmal_Grivet_Rapport_files/figure-latex/unnamed-chunk-83-1.pdf>]
Underfull \hbox (badness 10000) in paragraph at lines 757--759

 []

<Wang_Song_Jmal_Grivet_Rapport_files/figure-latex/unnamed-chunk-93-1.pdf, id=43
0, 407.5225pt x 133.49875pt>
File: Wang_Song_Jmal_Grivet_Rapport_files/figure-latex/unnamed-chunk-93-1.pdf G
raphic file (type pdf)
<use Wang_Song_Jmal_Grivet_Rapport_files/figure-latex/unnamed-chunk-93-1.pdf>
Package pdftex.def Info: Wang_Song_Jmal_Grivet_Rapport_files/figure-latex/unnam
ed-chunk-93-1.pdf  used on input line 791.
(pdftex.def)             Requested size: 407.54015pt x 133.5045pt.
[21 <./Wang_Song_Jmal_Grivet_Rapport_files/figure-latex/unnamed-chunk-93-1.pdf>
]
<Wang_Song_Jmal_Grivet_Rapport_files/figure-latex/unnamed-chunk-100-1.pdf, id=4
46, 407.5225pt x 133.49875pt>
File: Wang_Song_Jmal_Grivet_Rapport_files/figure-latex/unnamed-chunk-100-1.pdf 
Graphic file (type pdf)
<use Wang_Song_Jmal_Grivet_Rapport_files/figure-latex/unnamed-chunk-100-1.pdf>
Package pdftex.def Info: Wang_Song_Jmal_Grivet_Rapport_files/figure-latex/unnam
ed-chunk-100-1.pdf  used on input line 816.
(pdftex.def)             Requested size: 407.54015pt x 133.5045pt.
[22 <./Wang_Song_Jmal_Grivet_Rapport_files/figure-latex/unnamed-chunk-100-1.pdf
>]
<Wang_Song_Jmal_Grivet_Rapport_files/figure-latex/unnamed-chunk-104-1.pdf, id=4
63, 457.71pt x 216.81pt>
File: Wang_Song_Jmal_Grivet_Rapport_files/figure-latex/unnamed-chunk-104-1.pdf 
Graphic file (type pdf)
<use Wang_Song_Jmal_Grivet_Rapport_files/figure-latex/unnamed-chunk-104-1.pdf>
Package pdftex.def Info: Wang_Song_Jmal_Grivet_Rapport_files/figure-latex/unnam
ed-chunk-104-1.pdf  used on input line 854.
(pdftex.def)             Requested size: 457.72984pt x 216.81938pt.
<Wang_Song_Jmal_Grivet_Rapport_files/figure-latex/unnamed-chunk-105-1.pdf, id=4
64, 422.57875pt x 155.58125pt>
File: Wang_Song_Jmal_Grivet_Rapport_files/figure-latex/unnamed-chunk-105-1.pdf 
Graphic file (type pdf)
<use Wang_Song_Jmal_Grivet_Rapport_files/figure-latex/unnamed-chunk-105-1.pdf>
Package pdftex.def Info: Wang_Song_Jmal_Grivet_Rapport_files/figure-latex/unnam
ed-chunk-105-1.pdf  used on input line 856.
(pdftex.def)             Requested size: 422.58415pt x 155.58322pt.
[23 <./Wang_Song_Jmal_Grivet_Rapport_files/figure-latex/unnamed-chunk-104-1.pdf
> <./Wang_Song_Jmal_Grivet_Rapport_files/figure-latex/unnamed-chunk-105-1.pdf>]
[24]
<Wang_Song_Jmal_Grivet_Rapport_files/figure-latex/unnamed-chunk-113-1.pdf, id=4
90, 407.5225pt x 133.49875pt>
File: Wang_Song_Jmal_Grivet_Rapport_files/figure-latex/unnamed-chunk-113-1.pdf 
Graphic file (type pdf)
<use Wang_Song_Jmal_Grivet_Rapport_files/figure-latex/unnamed-chunk-113-1.pdf>
Package pdftex.def Info: Wang_Song_Jmal_Grivet_Rapport_files/figure-latex/unnam
ed-chunk-113-1.pdf  used on input line 980.
(pdftex.def)             Requested size: 407.54015pt x 133.5045pt.
[25 <./Wang_Song_Jmal_Grivet_Rapport_files/figure-latex/unnamed-chunk-113-1.pdf
>]
<Wang_Song_Jmal_Grivet_Rapport_files/figure-latex/unnamed-chunk-117-1.pdf, id=5
06, 407.5225pt x 133.49875pt>
File: Wang_Song_Jmal_Grivet_Rapport_files/figure-latex/unnamed-chunk-117-1.pdf 
Graphic file (type pdf)
<use Wang_Song_Jmal_Grivet_Rapport_files/figure-latex/unnamed-chunk-117-1.pdf>
Package pdftex.def Info: Wang_Song_Jmal_Grivet_Rapport_files/figure-latex/unnam
ed-chunk-117-1.pdf  used on input line 1019.
(pdftex.def)             Requested size: 407.54015pt x 133.5045pt.

Underfull \hbox (badness 10000) in paragraph at lines 1024--1031

 []

[26 <./Wang_Song_Jmal_Grivet_Rapport_files/figure-latex/unnamed-chunk-117-1.pdf
>]
<Wang_Song_Jmal_Grivet_Rapport_files/figure-latex/unnamed-chunk-120-1.pdf, id=5
23, 436.63126pt x 168.63pt>
File: Wang_Song_Jmal_Grivet_Rapport_files/figure-latex/unnamed-chunk-120-1.pdf 
Graphic file (type pdf)
<use Wang_Song_Jmal_Grivet_Rapport_files/figure-latex/unnamed-chunk-120-1.pdf>
Package pdftex.def Info: Wang_Song_Jmal_Grivet_Rapport_files/figure-latex/unnam
ed-chunk-120-1.pdf  used on input line 1085.
(pdftex.def)             Requested size: 436.63019pt x 168.62958pt.
[27 <./Wang_Song_Jmal_Grivet_Rapport_files/figure-latex/unnamed-chunk-120-1.pdf
>]
Package atveryend Info: Empty hook `BeforeClearDocument' on input line 1135.
[28]
Package atveryend Info: Empty hook `AfterLastShipout' on input line 1135.
(./Wang_Song_Jmal_Grivet_Rapport.aux)
Package atveryend Info: Executing hook `AtVeryEndDocument' on input line 1135.
Package atveryend Info: Empty hook `AtEndAfterFileList' on input line 1135.

LaTeX Warning: There were undefined references.

 ) 
Here is how much of TeX's memory you used:
 14170 strings out of 481239
 218908 string characters out of 5920376
 508392 words of memory out of 5000000
 28971 multiletter control sequences out of 15000+600000
 582353 words of font info for 107 fonts, out of 8000000 for 9000
 1141 hyphenation exceptions out of 8191
 41i,7n,42p,1547b,335s stack positions out of 5000i,500n,10000p,200000b,80000s
{/usr/share/texmf/fonts/enc/dvips/lm/lm-ts1.enc}{/usr/share/texmf/fonts/enc/d
vips/lm/lm-ec.enc}{/usr/share/texmf/fonts/enc/dvips/lm/lm-rm.enc}{/usr/share/te
xmf/fonts/enc/dvips/lm/lm-mathsy.enc}{/usr/share/texmf/fonts/enc/dvips/lm/lm-ma
thit.enc}</usr/share/texmf/fonts/type1/public/lm/lmbx10.pfb></usr/share/texmf/f
onts/type1/public/lm/lmbx12.pfb></usr/share/texmf/fonts/type1/public/lm/lmmi10.
pfb></usr/share/texmf/fonts/type1/public/lm/lmmi7.pfb></usr/share/texmf/fonts/t
ype1/public/lm/lmr10.pfb></usr/share/texmf/fonts/type1/public/lm/lmr12.pfb></us
r/share/texmf/fonts/type1/public/lm/lmr17.pfb></usr/share/texmf/fonts/type1/pub
lic/lm/lmr5.pfb></usr/share/texmf/fonts/type1/public/lm/lmr7.pfb></usr/share/te
xmf/fonts/type1/public/lm/lmsy10.pfb></usr/share/texmf/fonts/type1/public/lm/lm
tk10.pfb></usr/share/texmf/fonts/type1/public/lm/lmtt10.pfb>
Output written on Wang_Song_Jmal_Grivet_Rapport.pdf (28 pages, 1719223 bytes).
PDF statistics:
 653 PDF objects out of 1000 (max. 8388607)
 495 compressed objects within 5 object streams
 108 named destinations out of 1000 (max. 500000)
 10515 words of extra memory for PDF output out of 12000 (max. 10000000)

